build/app/intermediates/manifest_merge_blame_file/debug/processDebugMainManifest/manifest-merger-blame-debug-report.txt
1<?xml version="1.0" encoding="utf-8"?>
2<manifest xmlns:android="http://schemas.android.com/apk/res/android"
3    package="br.com.sua_barbearia.app.barbearia_saas"
4    android:versionCode="1"
5    android:versionName="1.0.0" >
6
7    <uses-sdk
8        android:minSdkVersion="23"
9        android:targetSdkVersion="35" />
10    <!--
11         The INTERNET permission is required for development. Specifically,
12         the Flutter tool needs it to communicate with the running application
13         to allow setting breakpoints, to provide hot reload, etc.
14    -->
15    <uses-permission android:name="android.permission.INTERNET" />
15-->src\debug\AndroidManifest.xml:6:5-66
15-->src\debug\AndroidManifest.xml:6:22-64
16    <!--
17     Required to query activities that can process text, see:
18         https://developer.android.com/training/package-visibility and
19         https://developer.android.com/reference/android/content/Intent#ACTION_PROCESS_TEXT.
20
21         In particular, this is used by the Flutter engine in io.flutter.plugin.text.ProcessTextPlugin.
22    -->
23    <queries>
23-->src\main\AndroidManifest.xml:39:5-44:15
24        <intent>
24-->src\main\AndroidManifest.xml:40:9-43:18
25            <action android:name="android.intent.action.PROCESS_TEXT" />
25-->src\main\AndroidManifest.xml:41:13-72
25-->src\main\AndroidManifest.xml:41:21-70
26
27            <data android:mimeType="text/plain" />
27-->src\main\AndroidManifest.xml:42:13-50
27-->src\main\AndroidManifest.xml:42:19-48
28        </intent>
29    </queries>
30
31    <uses-permission android:name="android.permission.ACCESS_NETWORK_STATE" />
31-->[com.google.firebase:firebase-auth:23.2.0] AndroidManifest.xml:26:5-79
31-->[com.google.firebase:firebase-auth:23.2.0] AndroidManifest.xml:26:22-76
32    <uses-permission android:name="com.google.android.providers.gsf.permission.READ_GSERVICES" />
32-->[com.google.android.recaptcha:recaptcha:18.6.1] AndroidManifest.xml:9:5-98
32-->[com.google.android.recaptcha:recaptcha:18.6.1] AndroidManifest.xml:9:22-95
33
34    <permission
34-->[androidx.core:core:1.13.1] AndroidManifest.xml:22:5-24:47
35        android:name="br.com.sua_barbearia.app.barbearia_saas.DYNAMIC_RECEIVER_NOT_EXPORTED_PERMISSION"
35-->[androidx.core:core:1.13.1] AndroidManifest.xml:23:9-81
36        android:protectionLevel="signature" />
36-->[androidx.core:core:1.13.1] AndroidManifest.xml:24:9-44
37
38    <uses-permission android:name="br.com.sua_barbearia.app.barbearia_saas.DYNAMIC_RECEIVER_NOT_EXPORTED_PERMISSION" />
38-->[androidx.core:core:1.13.1] AndroidManifest.xml:26:5-97
38-->[androidx.core:core:1.13.1] AndroidManifest.xml:26:22-94
39
40    <application
41        android:name="android.app.Application"
41-->src\main\AndroidManifest.xml:4:9-42
42        android:appComponentFactory="androidx.core.app.CoreComponentFactory"
42-->[androidx.core:core:1.13.1] AndroidManifest.xml:28:18-86
43        android:debuggable="true"
44        android:enableOnBackInvokedCallback="true"
44-->src\debug\AndroidManifest.xml:10:9-51
45        android:extractNativeLibs="false"
46        android:icon="@mipmap/ic_launcher"
46-->src\main\AndroidManifest.xml:5:9-43
47        android:label="barbearia_saas" >
47-->src\main\AndroidManifest.xml:3:9-39
48
49        <!-- Outras configurações da aplicação aqui -->
50        <activity
50-->src\main\AndroidManifest.xml:6:9-27:20
51            android:name="barbearia_saas.MainActivity"
51-->src\main\AndroidManifest.xml:7:13-41
52            android:configChanges="orientation|keyboardHidden|keyboard|screenSize|smallestScreenSize|locale|layoutDirection|fontScale|screenLayout|density|uiMode"
52-->src\main\AndroidManifest.xml:12:13-163
53            android:exported="true"
53-->src\main\AndroidManifest.xml:8:13-36
54            android:hardwareAccelerated="true"
54-->src\main\AndroidManifest.xml:13:13-47
55            android:launchMode="singleTop"
55-->src\main\AndroidManifest.xml:9:13-43
56            android:taskAffinity=""
56-->src\main\AndroidManifest.xml:10:13-36
57            android:theme="@style/LaunchTheme"
57-->src\main\AndroidManifest.xml:11:13-47
58            android:windowSoftInputMode="adjustResize" >
58-->src\main\AndroidManifest.xml:14:13-55
59
60            <!--
61                 Specifies an Android theme to apply to this Activity as soon as
62                 the Android process has started. This theme is visible to the user
63                 while the Flutter UI initializes. After that, this theme continues
64                 to determine the Window background behind the Flutter UI.
65            -->
66            <meta-data
66-->src\main\AndroidManifest.xml:19:13-22:17
67                android:name="io.flutter.embedding.android.NormalTheme"
67-->src\main\AndroidManifest.xml:20:15-70
68                android:resource="@style/NormalTheme" />
68-->src\main\AndroidManifest.xml:21:15-52
69
70            <intent-filter>
70-->src\main\AndroidManifest.xml:23:13-26:29
71                <action android:name="android.intent.action.MAIN" />
71-->src\main\AndroidManifest.xml:24:17-68
71-->src\main\AndroidManifest.xml:24:25-66
72
73                <category android:name="android.intent.category.LAUNCHER" />
73-->src\main\AndroidManifest.xml:25:17-76
73-->src\main\AndroidManifest.xml:25:27-74
74            </intent-filter>
75        </activity>
76        <!--
77 Don't delete the meta-data below.
78             This is used by the Flutter tool to generate GeneratedPluginRegistrant.java
79        -->
80        <meta-data
80-->src\main\AndroidManifest.xml:30:9-32:33
81            android:name="flutterEmbedding"
81-->src\main\AndroidManifest.xml:31:13-44
82            android:value="2" />
82-->src\main\AndroidManifest.xml:32:13-30
83
84        <service
84-->[:firebase_auth] AndroidManifest.xml:8:9-12:19
85            android:name="com.google.firebase.components.ComponentDiscoveryService"
85-->[:firebase_auth] AndroidManifest.xml:8:18-89
86            android:directBootAware="true"
86-->[com.google.firebase:firebase-common:21.0.0] AndroidManifest.xml:32:13-43
87            android:exported="false" >
87-->[com.google.firebase:firebase-auth:23.2.0] AndroidManifest.xml:68:13-37
88            <meta-data
88-->[:firebase_auth] AndroidManifest.xml:9:13-11:85
89                android:name="com.google.firebase.components:io.flutter.plugins.firebase.auth.FlutterFirebaseAuthRegistrar"
89-->[:firebase_auth] AndroidManifest.xml:10:17-124
90                android:value="com.google.firebase.components.ComponentRegistrar" />
90-->[:firebase_auth] AndroidManifest.xml:11:17-82
91            <meta-data
91-->[:cloud_firestore] AndroidManifest.xml:9:13-11:85
92                android:name="com.google.firebase.components:io.flutter.plugins.firebase.firestore.FlutterFirebaseFirestoreRegistrar"
92-->[:cloud_firestore] AndroidManifest.xml:10:17-134
93                android:value="com.google.firebase.components.ComponentRegistrar" />
93-->[:cloud_firestore] AndroidManifest.xml:11:17-82
94            <meta-data
94-->[:firebase_storage] AndroidManifest.xml:9:13-11:85
95                android:name="com.google.firebase.components:io.flutter.plugins.firebase.storage.FlutterFirebaseAppRegistrar"
95-->[:firebase_storage] AndroidManifest.xml:10:17-126
96                android:value="com.google.firebase.components.ComponentRegistrar" />
96-->[:firebase_storage] AndroidManifest.xml:11:17-82
97            <meta-data
97-->[:firebase_core] AndroidManifest.xml:9:13-11:85
98                android:name="com.google.firebase.components:io.flutter.plugins.firebase.core.FlutterFirebaseCoreRegistrar"
98-->[:firebase_core] AndroidManifest.xml:10:17-124
99                android:value="com.google.firebase.components.ComponentRegistrar" />
99-->[:firebase_core] AndroidManifest.xml:11:17-82
100            <meta-data
100-->[com.google.firebase:firebase-auth:23.2.0] AndroidManifest.xml:69:13-71:85
101                android:name="com.google.firebase.components:com.google.firebase.auth.FirebaseAuthRegistrar"
101-->[com.google.firebase:firebase-auth:23.2.0] AndroidManifest.xml:70:17-109
102                android:value="com.google.firebase.components.ComponentRegistrar" />
102-->[com.google.firebase:firebase-auth:23.2.0] AndroidManifest.xml:71:17-82
103            <meta-data
103-->[com.google.firebase:firebase-firestore:25.1.3] AndroidManifest.xml:17:13-19:85
104                android:name="com.google.firebase.components:com.google.firebase.firestore.FirebaseFirestoreKtxRegistrar"
104-->[com.google.firebase:firebase-firestore:25.1.3] AndroidManifest.xml:18:17-122
105                android:value="com.google.firebase.components.ComponentRegistrar" />
105-->[com.google.firebase:firebase-firestore:25.1.3] AndroidManifest.xml:19:17-82
106            <meta-data
106-->[com.google.firebase:firebase-firestore:25.1.3] AndroidManifest.xml:20:13-22:85
107                android:name="com.google.firebase.components:com.google.firebase.firestore.FirestoreRegistrar"
107-->[com.google.firebase:firebase-firestore:25.1.3] AndroidManifest.xml:21:17-111
108                android:value="com.google.firebase.components.ComponentRegistrar" />
108-->[com.google.firebase:firebase-firestore:25.1.3] AndroidManifest.xml:22:17-82
109            <meta-data
109-->[com.google.firebase:firebase-storage:21.0.1] AndroidManifest.xml:30:13-32:85
110                android:name="com.google.firebase.components:com.google.firebase.storage.FirebaseStorageKtxRegistrar"
110-->[com.google.firebase:firebase-storage:21.0.1] AndroidManifest.xml:31:17-118
111                android:value="com.google.firebase.components.ComponentRegistrar" />
111-->[com.google.firebase:firebase-storage:21.0.1] AndroidManifest.xml:32:17-82
112            <meta-data
112-->[com.google.firebase:firebase-storage:21.0.1] AndroidManifest.xml:33:13-35:85
113                android:name="com.google.firebase.components:com.google.firebase.storage.StorageRegistrar"
113-->[com.google.firebase:firebase-storage:21.0.1] AndroidManifest.xml:34:17-107
114                android:value="com.google.firebase.components.ComponentRegistrar" />
114-->[com.google.firebase:firebase-storage:21.0.1] AndroidManifest.xml:35:17-82
115            <meta-data
115-->[com.google.firebase:firebase-appcheck:18.0.0] AndroidManifest.xml:25:13-27:85
116                android:name="com.google.firebase.components:com.google.firebase.appcheck.FirebaseAppCheckKtxRegistrar"
116-->[com.google.firebase:firebase-appcheck:18.0.0] AndroidManifest.xml:26:17-120
117                android:value="com.google.firebase.components.ComponentRegistrar" />
117-->[com.google.firebase:firebase-appcheck:18.0.0] AndroidManifest.xml:27:17-82
118            <meta-data
118-->[com.google.firebase:firebase-appcheck:18.0.0] AndroidManifest.xml:28:13-30:85
119                android:name="com.google.firebase.components:com.google.firebase.appcheck.FirebaseAppCheckRegistrar"
119-->[com.google.firebase:firebase-appcheck:18.0.0] AndroidManifest.xml:29:17-117
120                android:value="com.google.firebase.components.ComponentRegistrar" />
120-->[com.google.firebase:firebase-appcheck:18.0.0] AndroidManifest.xml:30:17-82
121            <meta-data
121-->[com.google.firebase:firebase-common-ktx:21.0.0] AndroidManifest.xml:12:13-14:85
122                android:name="com.google.firebase.components:com.google.firebase.ktx.FirebaseCommonLegacyRegistrar"
122-->[com.google.firebase:firebase-common-ktx:21.0.0] AndroidManifest.xml:13:17-116
123                android:value="com.google.firebase.components.ComponentRegistrar" />
123-->[com.google.firebase:firebase-common-ktx:21.0.0] AndroidManifest.xml:14:17-82
124            <meta-data
124-->[com.google.firebase:firebase-common:21.0.0] AndroidManifest.xml:35:13-37:85
125                android:name="com.google.firebase.components:com.google.firebase.FirebaseCommonKtxRegistrar"
125-->[com.google.firebase:firebase-common:21.0.0] AndroidManifest.xml:36:17-109
126                android:value="com.google.firebase.components.ComponentRegistrar" />
126-->[com.google.firebase:firebase-common:21.0.0] AndroidManifest.xml:37:17-82
127        </service>
128
129        <activity
129-->[com.google.firebase:firebase-auth:23.2.0] AndroidManifest.xml:29:9-46:20
130            android:name="com.google.firebase.auth.internal.GenericIdpActivity"
130-->[com.google.firebase:firebase-auth:23.2.0] AndroidManifest.xml:30:13-80
131            android:excludeFromRecents="true"
131-->[com.google.firebase:firebase-auth:23.2.0] AndroidManifest.xml:31:13-46
132            android:exported="true"
132-->[com.google.firebase:firebase-auth:23.2.0] AndroidManifest.xml:32:13-36
133            android:launchMode="singleTask"
133-->[com.google.firebase:firebase-auth:23.2.0] AndroidManifest.xml:33:13-44
134            android:theme="@android:style/Theme.Translucent.NoTitleBar" >
134-->[com.google.firebase:firebase-auth:23.2.0] AndroidManifest.xml:34:13-72
135            <intent-filter>
135-->[com.google.firebase:firebase-auth:23.2.0] AndroidManifest.xml:35:13-45:29
136                <action android:name="android.intent.action.VIEW" />
136-->[com.google.firebase:firebase-auth:23.2.0] AndroidManifest.xml:36:17-69
136-->[com.google.firebase:firebase-auth:23.2.0] AndroidManifest.xml:36:25-66
137
138                <category android:name="android.intent.category.DEFAULT" />
138-->[com.google.firebase:firebase-auth:23.2.0] AndroidManifest.xml:38:17-76
138-->[com.google.firebase:firebase-auth:23.2.0] AndroidManifest.xml:38:27-73
139                <category android:name="android.intent.category.BROWSABLE" />
139-->[com.google.firebase:firebase-auth:23.2.0] AndroidManifest.xml:39:17-78
139-->[com.google.firebase:firebase-auth:23.2.0] AndroidManifest.xml:39:27-75
140
141                <data
141-->src\main\AndroidManifest.xml:42:13-50
142                    android:host="firebase.auth"
143                    android:path="/"
144                    android:scheme="genericidp" />
145            </intent-filter>
146        </activity>
147        <activity
147-->[com.google.firebase:firebase-auth:23.2.0] AndroidManifest.xml:47:9-64:20
148            android:name="com.google.firebase.auth.internal.RecaptchaActivity"
148-->[com.google.firebase:firebase-auth:23.2.0] AndroidManifest.xml:48:13-79
149            android:excludeFromRecents="true"
149-->[com.google.firebase:firebase-auth:23.2.0] AndroidManifest.xml:49:13-46
150            android:exported="true"
150-->[com.google.firebase:firebase-auth:23.2.0] AndroidManifest.xml:50:13-36
151            android:launchMode="singleTask"
151-->[com.google.firebase:firebase-auth:23.2.0] AndroidManifest.xml:51:13-44
152            android:theme="@android:style/Theme.Translucent.NoTitleBar" >
152-->[com.google.firebase:firebase-auth:23.2.0] AndroidManifest.xml:52:13-72
153            <intent-filter>
153-->[com.google.firebase:firebase-auth:23.2.0] AndroidManifest.xml:53:13-63:29
154                <action android:name="android.intent.action.VIEW" />
154-->[com.google.firebase:firebase-auth:23.2.0] AndroidManifest.xml:36:17-69
154-->[com.google.firebase:firebase-auth:23.2.0] AndroidManifest.xml:36:25-66
155
156                <category android:name="android.intent.category.DEFAULT" />
156-->[com.google.firebase:firebase-auth:23.2.0] AndroidManifest.xml:38:17-76
156-->[com.google.firebase:firebase-auth:23.2.0] AndroidManifest.xml:38:27-73
157                <category android:name="android.intent.category.BROWSABLE" />
157-->[com.google.firebase:firebase-auth:23.2.0] AndroidManifest.xml:39:17-78
157-->[com.google.firebase:firebase-auth:23.2.0] AndroidManifest.xml:39:27-75
158
159                <data
159-->src\main\AndroidManifest.xml:42:13-50
160                    android:host="firebase.auth"
161                    android:path="/"
162                    android:scheme="recaptcha" />
163            </intent-filter>
164        </activity>
165
166        <provider
166-->[:image_picker_android] AndroidManifest.xml:9:9-17:20
167            android:name="io.flutter.plugins.imagepicker.ImagePickerFileProvider"
167-->[:image_picker_android] AndroidManifest.xml:10:13-82
168            android:authorities="br.com.sua_barbearia.app.barbearia_saas.flutter.image_provider"
168-->[:image_picker_android] AndroidManifest.xml:11:13-74
169            android:exported="false"
169-->[:image_picker_android] AndroidManifest.xml:12:13-37
170            android:grantUriPermissions="true" >
170-->[:image_picker_android] AndroidManifest.xml:13:13-47
171            <meta-data
171-->[:image_picker_android] AndroidManifest.xml:14:13-16:75
172                android:name="android.support.FILE_PROVIDER_PATHS"
172-->[:image_picker_android] AndroidManifest.xml:15:17-67
173                android:resource="@xml/flutter_image_picker_file_paths" />
173-->[:image_picker_android] AndroidManifest.xml:16:17-72
174        </provider> <!-- Trigger Google Play services to install the backported photo picker module. -->
175        <service
175-->[:image_picker_android] AndroidManifest.xml:19:9-31:19
176            android:name="com.google.android.gms.metadata.ModuleDependencies"
176-->[:image_picker_android] AndroidManifest.xml:20:13-78
177            android:enabled="false"
177-->[:image_picker_android] AndroidManifest.xml:21:13-36
178            android:exported="false" >
178-->[:image_picker_android] AndroidManifest.xml:22:13-37
179            <intent-filter>
179-->[:image_picker_android] AndroidManifest.xml:24:13-26:29
180                <action android:name="com.google.android.gms.metadata.MODULE_DEPENDENCIES" />
180-->[:image_picker_android] AndroidManifest.xml:25:17-94
180-->[:image_picker_android] AndroidManifest.xml:25:25-91
181            </intent-filter>
182
183            <meta-data
183-->[:image_picker_android] AndroidManifest.xml:28:13-30:36
184                android:name="photopicker_activity:0:required"
184-->[:image_picker_android] AndroidManifest.xml:29:17-63
185                android:value="" />
185-->[:image_picker_android] AndroidManifest.xml:30:17-33
186        </service>
187
188        <activity
188-->[:url_launcher_android] AndroidManifest.xml:8:9-11:74
189            android:name="io.flutter.plugins.urllauncher.WebViewActivity"
189-->[:url_launcher_android] AndroidManifest.xml:9:13-74
190            android:exported="false"
190-->[:url_launcher_android] AndroidManifest.xml:10:13-37
191            android:theme="@android:style/Theme.NoTitleBar.Fullscreen" />
191-->[:url_launcher_android] AndroidManifest.xml:11:13-71
192
193        <provider
193-->[com.google.firebase:firebase-common:21.0.0] AndroidManifest.xml:23:9-28:39
194            android:name="com.google.firebase.provider.FirebaseInitProvider"
194-->[com.google.firebase:firebase-common:21.0.0] AndroidManifest.xml:24:13-77
195            android:authorities="br.com.sua_barbearia.app.barbearia_saas.firebaseinitprovider"
195-->[com.google.firebase:firebase-common:21.0.0] AndroidManifest.xml:25:13-72
196            android:directBootAware="true"
196-->[com.google.firebase:firebase-common:21.0.0] AndroidManifest.xml:26:13-43
197            android:exported="false"
197-->[com.google.firebase:firebase-common:21.0.0] AndroidManifest.xml:27:13-37
198            android:initOrder="100" />
198-->[com.google.firebase:firebase-common:21.0.0] AndroidManifest.xml:28:13-36
199
200        <service
200-->[androidx.credentials:credentials-play-services-auth:1.2.0-rc01] AndroidManifest.xml:24:9-32:19
201            android:name="androidx.credentials.playservices.CredentialProviderMetadataHolder"
201-->[androidx.credentials:credentials-play-services-auth:1.2.0-rc01] AndroidManifest.xml:25:13-94
202            android:enabled="true"
202-->[androidx.credentials:credentials-play-services-auth:1.2.0-rc01] AndroidManifest.xml:26:13-35
203            android:exported="false" >
203-->[androidx.credentials:credentials-play-services-auth:1.2.0-rc01] AndroidManifest.xml:27:13-37
204            <meta-data
204-->[androidx.credentials:credentials-play-services-auth:1.2.0-rc01] AndroidManifest.xml:29:13-31:104
205                android:name="androidx.credentials.CREDENTIAL_PROVIDER_KEY"
205-->[androidx.credentials:credentials-play-services-auth:1.2.0-rc01] AndroidManifest.xml:30:17-76
206                android:value="androidx.credentials.playservices.CredentialProviderPlayServicesImpl" />
206-->[androidx.credentials:credentials-play-services-auth:1.2.0-rc01] AndroidManifest.xml:31:17-101
207        </service>
208
209        <activity
209-->[androidx.credentials:credentials-play-services-auth:1.2.0-rc01] AndroidManifest.xml:34:9-41:20
210            android:name="androidx.credentials.playservices.HiddenActivity"
210-->[androidx.credentials:credentials-play-services-auth:1.2.0-rc01] AndroidManifest.xml:35:13-76
211            android:configChanges="orientation|screenSize|screenLayout|keyboardHidden"
211-->[androidx.credentials:credentials-play-services-auth:1.2.0-rc01] AndroidManifest.xml:36:13-87
212            android:enabled="true"
212-->[androidx.credentials:credentials-play-services-auth:1.2.0-rc01] AndroidManifest.xml:37:13-35
213            android:exported="false"
213-->[androidx.credentials:credentials-play-services-auth:1.2.0-rc01] AndroidManifest.xml:38:13-37
214            android:fitsSystemWindows="true"
214-->[androidx.credentials:credentials-play-services-auth:1.2.0-rc01] AndroidManifest.xml:39:13-45
215            android:theme="@style/Theme.Hidden" >
215-->[androidx.credentials:credentials-play-services-auth:1.2.0-rc01] AndroidManifest.xml:40:13-48
216        </activity>
217        <activity
217-->[com.google.android.gms:play-services-auth:20.7.0] AndroidManifest.xml:23:9-27:75
218            android:name="com.google.android.gms.auth.api.signin.internal.SignInHubActivity"
218-->[com.google.android.gms:play-services-auth:20.7.0] AndroidManifest.xml:24:13-93
219            android:excludeFromRecents="true"
219-->[com.google.android.gms:play-services-auth:20.7.0] AndroidManifest.xml:25:13-46
220            android:exported="false"
220-->[com.google.android.gms:play-services-auth:20.7.0] AndroidManifest.xml:26:13-37
221            android:theme="@android:style/Theme.Translucent.NoTitleBar" />
221-->[com.google.android.gms:play-services-auth:20.7.0] AndroidManifest.xml:27:13-72
222        <!--
223            Service handling Google Sign-In user revocation. For apps that do not integrate with
224            Google Sign-In, this service will never be started.
225        -->
226        <service
226-->[com.google.android.gms:play-services-auth:20.7.0] AndroidManifest.xml:33:9-37:51
227            android:name="com.google.android.gms.auth.api.signin.RevocationBoundService"
227-->[com.google.android.gms:play-services-auth:20.7.0] AndroidManifest.xml:34:13-89
228            android:exported="true"
228-->[com.google.android.gms:play-services-auth:20.7.0] AndroidManifest.xml:35:13-36
229            android:permission="com.google.android.gms.auth.api.signin.permission.REVOCATION_NOTIFICATION"
229-->[com.google.android.gms:play-services-auth:20.7.0] AndroidManifest.xml:36:13-107
230            android:visibleToInstantApps="true" />
230-->[com.google.android.gms:play-services-auth:20.7.0] AndroidManifest.xml:37:13-48
231
232        <activity
232-->[com.google.android.gms:play-services-base:18.1.0] AndroidManifest.xml:20:9-22:45
233            android:name="com.google.android.gms.common.api.GoogleApiActivity"
233-->[com.google.android.gms:play-services-base:18.1.0] AndroidManifest.xml:20:19-85
234            android:exported="false"
234-->[com.google.android.gms:play-services-base:18.1.0] AndroidManifest.xml:22:19-43
235            android:theme="@android:style/Theme.Translucent.NoTitleBar" />
235-->[com.google.android.gms:play-services-base:18.1.0] AndroidManifest.xml:21:19-78
236
237        <provider
237-->[androidx.lifecycle:lifecycle-process:2.7.0] AndroidManifest.xml:24:9-32:20
238            android:name="androidx.startup.InitializationProvider"
238-->[androidx.lifecycle:lifecycle-process:2.7.0] AndroidManifest.xml:25:13-67
239            android:authorities="br.com.sua_barbearia.app.barbearia_saas.androidx-startup"
239-->[androidx.lifecycle:lifecycle-process:2.7.0] AndroidManifest.xml:26:13-68
240            android:exported="false" >
240-->[androidx.lifecycle:lifecycle-process:2.7.0] AndroidManifest.xml:27:13-37
241            <meta-data
241-->[androidx.lifecycle:lifecycle-process:2.7.0] AndroidManifest.xml:29:13-31:52
242                android:name="androidx.lifecycle.ProcessLifecycleInitializer"
242-->[androidx.lifecycle:lifecycle-process:2.7.0] AndroidManifest.xml:30:17-78
243                android:value="androidx.startup" />
243-->[androidx.lifecycle:lifecycle-process:2.7.0] AndroidManifest.xml:31:17-49
244            <meta-data
244-->[androidx.profileinstaller:profileinstaller:1.3.1] AndroidManifest.xml:29:13-31:52
245                android:name="androidx.profileinstaller.ProfileInstallerInitializer"
245-->[androidx.profileinstaller:profileinstaller:1.3.1] AndroidManifest.xml:30:17-85
246                android:value="androidx.startup" />
246-->[androidx.profileinstaller:profileinstaller:1.3.1] AndroidManifest.xml:31:17-49
247        </provider>
248
249        <uses-library
249-->[androidx.window:window:1.2.0] AndroidManifest.xml:23:9-25:40
250            android:name="androidx.window.extensions"
250-->[androidx.window:window:1.2.0] AndroidManifest.xml:24:13-54
251            android:required="false" />
251-->[androidx.window:window:1.2.0] AndroidManifest.xml:25:13-37
252        <uses-library
252-->[androidx.window:window:1.2.0] AndroidManifest.xml:26:9-28:40
253            android:name="androidx.window.sidecar"
253-->[androidx.window:window:1.2.0] AndroidManifest.xml:27:13-51
254            android:required="false" />
254-->[androidx.window:window:1.2.0] AndroidManifest.xml:28:13-37
255
256        <meta-data
256-->[com.google.android.gms:play-services-basement:18.4.0] AndroidManifest.xml:6:9-122
257            android:name="com.google.android.gms.version"
257-->[com.google.android.gms:play-services-basement:18.4.0] AndroidManifest.xml:6:20-65
258            android:value="@integer/google_play_services_version" />
258-->[com.google.android.gms:play-services-basement:18.4.0] AndroidManifest.xml:6:66-119
259
260        <receiver
260-->[androidx.profileinstaller:profileinstaller:1.3.1] AndroidManifest.xml:34:9-52:20
261            android:name="androidx.profileinstaller.ProfileInstallReceiver"
261-->[androidx.profileinstaller:profileinstaller:1.3.1] AndroidManifest.xml:35:13-76
262            android:directBootAware="false"
262-->[androidx.profileinstaller:profileinstaller:1.3.1] AndroidManifest.xml:36:13-44
263            android:enabled="true"
263-->[androidx.profileinstaller:profileinstaller:1.3.1] AndroidManifest.xml:37:13-35
264            android:exported="true"
264-->[androidx.profileinstaller:profileinstaller:1.3.1] AndroidManifest.xml:38:13-36
265            android:permission="android.permission.DUMP" >
265-->[androidx.profileinstaller:profileinstaller:1.3.1] AndroidManifest.xml:39:13-57
266            <intent-filter>
266-->[androidx.profileinstaller:profileinstaller:1.3.1] AndroidManifest.xml:40:13-42:29
267                <action android:name="androidx.profileinstaller.action.INSTALL_PROFILE" />
267-->[androidx.profileinstaller:profileinstaller:1.3.1] AndroidManifest.xml:41:17-91
267-->[androidx.profileinstaller:profileinstaller:1.3.1] AndroidManifest.xml:41:25-88
268            </intent-filter>
269            <intent-filter>
269-->[androidx.profileinstaller:profileinstaller:1.3.1] AndroidManifest.xml:43:13-45:29
270                <action android:name="androidx.profileinstaller.action.SKIP_FILE" />
270-->[androidx.profileinstaller:profileinstaller:1.3.1] AndroidManifest.xml:44:17-85
270-->[androidx.profileinstaller:profileinstaller:1.3.1] AndroidManifest.xml:44:25-82
271            </intent-filter>
272            <intent-filter>
272-->[androidx.profileinstaller:profileinstaller:1.3.1] AndroidManifest.xml:46:13-48:29
273                <action android:name="androidx.profileinstaller.action.SAVE_PROFILE" />
273-->[androidx.profileinstaller:profileinstaller:1.3.1] AndroidManifest.xml:47:17-88
273-->[androidx.profileinstaller:profileinstaller:1.3.1] AndroidManifest.xml:47:25-85
274            </intent-filter>
275            <intent-filter>
275-->[androidx.profileinstaller:profileinstaller:1.3.1] AndroidManifest.xml:49:13-51:29
276                <action android:name="androidx.profileinstaller.action.BENCHMARK_OPERATION" />
276-->[androidx.profileinstaller:profileinstaller:1.3.1] AndroidManifest.xml:50:17-95
276-->[androidx.profileinstaller:profileinstaller:1.3.1] AndroidManifest.xml:50:25-92
277            </intent-filter>
278        </receiver> <!-- The activities will be merged into the manifest of the hosting app. -->
279        <activity
279-->[com.google.android.play:core-common:2.0.3] AndroidManifest.xml:14:9-18:65
280            android:name="com.google.android.play.core.common.PlayCoreDialogWrapperActivity"
280-->[com.google.android.play:core-common:2.0.3] AndroidManifest.xml:15:13-93
281            android:exported="false"
281-->[com.google.android.play:core-common:2.0.3] AndroidManifest.xml:16:13-37
282            android:stateNotNeeded="true"
282-->[com.google.android.play:core-common:2.0.3] AndroidManifest.xml:17:13-42
283            android:theme="@style/Theme.PlayCore.Transparent" />
283-->[com.google.android.play:core-common:2.0.3] AndroidManifest.xml:18:13-62
284    </application>
285
286</manifest>